C51 COMPILER V9.53.0.0   NAMPAT                                                            08/27/2024 19:27:28 PAGE 1   


C51 COMPILER V9.53.0.0, COMPILATION OF MODULE NAMPAT
OBJECT MODULE PLACED IN nampat.OBJ
COMPILER INVOKED BY: C:\Keil_v5\C51\BIN\C51.EXE nampat.c OPTIMIZE(8,SPEED) BROWSE DEBUG OBJECTEXTEND TABS(2)

line level    source

   1          #include<regx52.h>
   2          void delay(unsigned int);
   3          void main()
   4          {
   5   1      while(1)
   6   1      {
   7   2      P1=0x01;
   8   2      delay(1000);
   9   2      P1=0x02;
  10   2      delay(1000);
  11   2      }}
  12          void delay(unsigned int a)
  13          {
  14   1      unsigned char i;
  15   1      for(;a>0;a--)
  16   1      {
  17   2      for(i=250;i>0;i--);
  18   2      }}
  19          


MODULE INFORMATION:   STATIC OVERLAYABLE
   CODE SIZE        =     43    ----
   CONSTANT SIZE    =   ----    ----
   XDATA SIZE       =   ----    ----
   PDATA SIZE       =   ----    ----
   DATA SIZE        =   ----    ----
   IDATA SIZE       =   ----    ----
   BIT SIZE         =   ----    ----
END OF MODULE INFORMATION.


C51 COMPILATION COMPLETE.  0 WARNING(S),  0 ERROR(S)
